<?xml version="1.0" encoding="UTF-8"?>
<testng-results ignored="0" total="1" passed="1" failed="0" skipped="0">
  <reporter-output>
  </reporter-output>
  <suite started-at="2023-12-04T18:51:23 IST" name="Default suite" finished-at="2023-12-04T18:51:23 IST" duration-ms="79">
    <groups>
    </groups>
    <test started-at="2023-12-04T18:51:23 IST" name="Default test" finished-at="2023-12-04T18:51:23 IST" duration-ms="79">
      <class name="Project.Project1">
        <test-method signature="M2()[pri:0, instance:Project.Project1@3d1cfad4]" started-at="2023-12-04T18:51:23 IST" name="M2" finished-at="2023-12-04T18:51:23 IST" duration-ms="11" status="PASS">
          <reporter-output>
          </reporter-output>
        </test-method> <!-- M2 -->
      </class> <!-- Project.Project1 -->
    </test> <!-- Default test -->
  </suite> <!-- Default suite -->
</testng-results>
